[听墨语] 2026/02/19 19:37:24.292655 [INFO] 日志系统初始化完成
[听墨语] 2026/02/19 19:37:24.292655 [INFO] 应用启动
[听墨语] 2026/02/19 19:37:24.870127 [FRONTEND] [Frontend] 日志系统初始化完成
[听墨语] 2026/02/19 19:49:01.123407 [INFO] 日志系统初始化完成
[听墨语] 2026/02/19 19:49:01.123407 [INFO] 应用启动
[听墨语] 2026/02/19 19:49:01.704670 [FRONTEND] [Frontend] 日志系统初始化完成
[听墨语] 2026/02/19 19:49:59.981002 [FRONTEND] [Frontend] Generating audio for paragraph: 14
[听墨语] 2026/02/19 19:57:31.321730 [INFO] 日志系统初始化完成
[听墨语] 2026/02/19 19:57:31.322247 [INFO] 应用启动
[听墨语] 2026/02/19 19:57:31.892324 [FRONTEND] [Frontend] 日志系统初始化完成
[听墨语] 2026/02/19 19:59:03.768800 [INFO] 日志系统初始化完成
[听墨语] 2026/02/19 19:59:03.769315 [INFO] 应用启动
[听墨语] 2026/02/19 19:59:03.942541 [FRONTEND] [Frontend] 日志系统初始化完成
[听墨语] 2026/02/19 20:00:36.690781 [INFO] 日志系统初始化完成
[听墨语] 2026/02/19 20:00:36.690781 [INFO] 应用启动
[听墨语] 2026/02/19 20:00:37.294953 [FRONTEND] [Frontend] 日志系统初始化完成
[听墨语] 2026/02/19 20:09:54.409730 [INFO] 日志系统初始化完成
[听墨语] 2026/02/19 20:09:54.409730 [INFO] 应用启动
[听墨语] 2026/02/19 20:09:55.004619 [FRONTEND] [Frontend] 日志系统初始化完成
[听墨语] 2026/02/19 20:10:01.200136 [INFO] 更新工程已知角色: projectID=1, count=5
[听墨语] 2026/02/19 20:10:01.202764 [INFO] 已知角色更新成功: projectID=1, count=5
[听墨语] 2026/02/19 20:10:06.520156 [INFO] 更新工程已知角色: projectID=1, count=5
[听墨语] 2026/02/19 20:10:06.522203 [INFO] 已知角色更新成功: projectID=1, count=5
[听墨语] 2026/02/19 20:10:07.991404 [INFO] 更新工程已知角色: projectID=1, count=5
[听墨语] 2026/02/19 20:10:07.993444 [INFO] 已知角色更新成功: projectID=1, count=5
[听墨语] 2026/02/19 20:10:09.564285 [INFO] 更新工程已知角色: projectID=1, count=5
[听墨语] 2026/02/19 20:10:09.566884 [INFO] 已知角色更新成功: projectID=1, count=5
[听墨语] 2026/02/19 20:10:11.151083 [INFO] 更新工程已知角色: projectID=1, count=5
[听墨语] 2026/02/19 20:10:11.153141 [INFO] 已知角色更新成功: projectID=1, count=5
[听墨语] 2026/02/19 20:12:46.141571 [FRONTEND] [Frontend] Failed to load data: {}
[听墨语] 2026/02/19 20:12:46.143126 [FRONTEND] [Frontend] Failed to load data: {}
[听墨语] 2026/02/19 20:18:45.513626 [INFO] 日志系统初始化完成
[听墨语] 2026/02/19 20:18:45.514141 [INFO] 应用启动
[听墨语] 2026/02/19 20:18:46.134987 [FRONTEND] [Frontend] 日志系统初始化完成
[听墨语] 2026/02/19 20:23:29.463847 [INFO] 日志系统初始化完成
[听墨语] 2026/02/19 20:23:29.463847 [INFO] 应用启动
[听墨语] 2026/02/19 20:23:30.050706 [FRONTEND] [Frontend] 日志系统初始化完成
